[Mon, 09 Apr 18 00:55:14 +0700][ERROR] [2]: EditController handler class cannot be loaded

[Mon, 09 Apr 18 00:57:33 +0700][ERROR] [2]: EditController handler class cannot be loaded

[Mon, 09 Apr 18 00:57:39 +0700][ERROR] [2]: EditController handler class cannot be loaded

[Mon, 09 Apr 18 00:57:59 +0700][ERROR] [2]: EditController handler class cannot be loaded

[Mon, 09 Apr 18 00:58:31 +0700][ERROR] [2]: EditController handler class cannot be loaded

[Mon, 09 Apr 18 01:13:01 +0700][ERROR] [2]: ImgController handler class cannot be loaded

[Mon, 09 Apr 18 01:13:26 +0700][ERROR] [2]: ImgController handler class cannot be loaded

[Mon, 09 Apr 18 01:13:28 +0700][ERROR] [2]: ImgController handler class cannot be loaded

[Mon, 09 Apr 18 01:34:23 +0700][ERROR] [2]: VendorController handler class cannot be loaded

[Mon, 09 Apr 18 01:34:41 +0700][ERROR] [2]: VendorController handler class cannot be loaded

[Mon, 09 Apr 18 01:37:47 +0700][ERROR] [2]: VendorController handler class cannot be loaded

[Mon, 09 Apr 18 01:37:47 +0700][ERROR] [2]: VendorController handler class cannot be loaded

[Mon, 09 Apr 18 01:38:03 +0700][ERROR] [2]: VendorController handler class cannot be loaded

[Mon, 09 Apr 18 01:38:57 +0700][ERROR] [2]: JsController handler class cannot be loaded

[Mon, 09 Apr 18 01:38:57 +0700][ERROR] [2]: JsController handler class cannot be loaded

[Mon, 09 Apr 18 01:42:14 +0700][ERROR] [2]: VendorController handler class cannot be loaded

[Mon, 09 Apr 18 01:42:14 +0700][ERROR] [2]: VendorController handler class cannot be loaded

[Mon, 09 Apr 18 01:42:15 +0700][ERROR] [2]: VendorController handler class cannot be loaded

[Mon, 09 Apr 18 01:42:15 +0700][ERROR] [2]: VendorController handler class cannot be loaded

[Mon, 09 Apr 18 01:42:17 +0700][ERROR] [2]: VendorController handler class cannot be loaded

[Mon, 09 Apr 18 01:42:17 +0700][ERROR] [2]: VendorController handler class cannot be loaded

[Mon, 09 Apr 18 13:06:27 +0700][ERROR] [2]: CssController handler class cannot be loaded

[Mon, 09 Apr 18 13:06:27 +0700][ERROR] [2]: JsController handler class cannot be loaded

[Mon, 09 Apr 18 13:06:28 +0700][ERROR] [2]: CssController handler class cannot be loaded

[Mon, 09 Apr 18 13:06:41 +0700][ERROR] [2]: CssController handler class cannot be loaded

[Mon, 09 Apr 18 13:06:41 +0700][ERROR] [2]: CssController handler class cannot be loaded

[Mon, 09 Apr 18 13:06:52 +0700][ERROR] [2]: CssController handler class cannot be loaded

[Mon, 09 Apr 18 13:06:52 +0700][ERROR] [2]: CssController handler class cannot be loaded

[Mon, 09 Apr 18 13:39:27 +0700][ERROR] [2]: CssController handler class cannot be loaded

[Mon, 09 Apr 18 13:42:59 +0700][ERROR] [2]: CssController handler class cannot be loaded

[Mon, 09 Apr 18 13:43:00 +0700][ERROR] [2]: CssController handler class cannot be loaded

[Mon, 09 Apr 18 13:43:08 +0700][ERROR] [2]: ImgController handler class cannot be loaded

[Mon, 09 Apr 18 13:43:44 +0700][ERROR] [2]: ImgController handler class cannot be loaded

[Mon, 09 Apr 18 14:14:40 +0700][ERROR] [2]: ImgController handler class cannot be loaded

[Mon, 09 Apr 18 14:29:23 +0700][ERROR] [2]: CssController handler class cannot be loaded

[Mon, 09 Apr 18 14:29:23 +0700][ERROR] [2]: JsController handler class cannot be loaded

[Mon, 09 Apr 18 14:29:23 +0700][ERROR] [2]: JsController handler class cannot be loaded

[Mon, 09 Apr 18 14:30:12 +0700][ERROR] [2]: CssController handler class cannot be loaded

[Mon, 09 Apr 18 14:30:12 +0700][ERROR] [2]: JsController handler class cannot be loaded

[Mon, 09 Apr 18 14:30:12 +0700][ERROR] [2]: CssController handler class cannot be loaded

[Mon, 09 Apr 18 14:30:31 +0700][ERROR] [2]: CssController handler class cannot be loaded

[Mon, 09 Apr 18 14:30:31 +0700][ERROR] [2]: CssController handler class cannot be loaded

[Mon, 09 Apr 18 14:30:43 +0700][ERROR] [2]: CssController handler class cannot be loaded

[Mon, 09 Apr 18 14:30:43 +0700][ERROR] [2]: CssController handler class cannot be loaded

[Mon, 09 Apr 18 14:30:53 +0700][ERROR] [2]: ImgController handler class cannot be loaded

[Mon, 09 Apr 18 14:36:57 +0700][ERROR] [2]: CssController handler class cannot be loaded

[Mon, 09 Apr 18 14:36:58 +0700][ERROR] [2]: CssController handler class cannot be loaded

[Mon, 09 Apr 18 14:37:00 +0700][ERROR] [2]: CssController handler class cannot be loaded

[Mon, 09 Apr 18 14:37:00 +0700][ERROR] [2]: CssController handler class cannot be loaded

[Mon, 09 Apr 18 14:37:02 +0700][ERROR] [2]: CssController handler class cannot be loaded

[Mon, 09 Apr 18 14:37:02 +0700][ERROR] [2]: CssController handler class cannot be loaded

[Mon, 09 Apr 18 14:37:18 +0700][ERROR] [2]: CssController handler class cannot be loaded

[Mon, 09 Apr 18 14:37:30 +0700][ERROR] [2]: CssController handler class cannot be loaded

[Mon, 09 Apr 18 14:37:30 +0700][ERROR] [2]: CssController handler class cannot be loaded

[Mon, 09 Apr 18 14:37:38 +0700][ERROR] [2]: CssController handler class cannot be loaded

[Mon, 09 Apr 18 14:37:38 +0700][ERROR] [2]: CssController handler class cannot be loaded

[Mon, 09 Apr 18 14:37:48 +0700][ERROR] [2]: CssController handler class cannot be loaded

[Mon, 09 Apr 18 14:37:48 +0700][ERROR] [2]: CssController handler class cannot be loaded

[Mon, 09 Apr 18 14:37:56 +0700][ERROR] [2]: CssController handler class cannot be loaded

[Mon, 09 Apr 18 14:37:56 +0700][ERROR] [2]: CssController handler class cannot be loaded

[Mon, 09 Apr 18 14:38:04 +0700][ERROR] [2]: CssController handler class cannot be loaded

[Mon, 09 Apr 18 14:38:04 +0700][ERROR] [2]: CssController handler class cannot be loaded

[Mon, 09 Apr 18 14:38:12 +0700][ERROR] [2]: CssController handler class cannot be loaded

[Mon, 09 Apr 18 14:38:12 +0700][ERROR] [2]: CssController handler class cannot be loaded

[Mon, 09 Apr 18 14:38:30 +0700][ERROR] [2]: CssController handler class cannot be loaded

[Mon, 09 Apr 18 14:38:30 +0700][ERROR] [2]: CssController handler class cannot be loaded

[Mon, 09 Apr 18 14:38:36 +0700][ERROR] [2]: CssController handler class cannot be loaded

[Mon, 09 Apr 18 14:38:37 +0700][ERROR] [2]: CssController handler class cannot be loaded

[Mon, 09 Apr 18 14:38:44 +0700][ERROR] [2]: CssController handler class cannot be loaded

[Mon, 09 Apr 18 14:38:44 +0700][ERROR] [2]: CssController handler class cannot be loaded

[Mon, 09 Apr 18 14:38:53 +0700][ERROR] [2]: CssController handler class cannot be loaded

[Mon, 09 Apr 18 14:38:53 +0700][ERROR] [2]: CssController handler class cannot be loaded

[Mon, 09 Apr 18 14:39:11 +0700][ERROR] [2]: CssController handler class cannot be loaded

[Mon, 09 Apr 18 14:39:11 +0700][ERROR] [2]: CssController handler class cannot be loaded

[Mon, 09 Apr 18 14:39:20 +0700][ERROR] [2]: CssController handler class cannot be loaded

[Mon, 09 Apr 18 14:39:20 +0700][ERROR] [2]: CssController handler class cannot be loaded

[Mon, 09 Apr 18 14:39:24 +0700][ERROR] [2]: CssController handler class cannot be loaded

[Mon, 09 Apr 18 14:39:25 +0700][ERROR] [2]: CssController handler class cannot be loaded

[Mon, 09 Apr 18 14:39:30 +0700][ERROR] [2]: CssController handler class cannot be loaded

[Mon, 09 Apr 18 14:39:30 +0700][ERROR] [2]: CssController handler class cannot be loaded

[Mon, 09 Apr 18 14:39:39 +0700][ERROR] [2]: ImgController handler class cannot be loaded

